<?xml version="1.0" encoding="UTF-8"?>
<testsuite name="collEdit.GetSizeOfCollectionTest" tests="1" skipped="0" failures="0" errors="0" timestamp="2023-03-14T09:54:08" hostname="eren" time="0.054">
  <properties/>
  <testcase name="getSizeofSet()" classname="collEdit.GetSizeOfCollectionTest" time="0.054"/>
  <system-out><![CDATA[]]></system-out>
  <system-err><![CDATA[]]></system-err>
</testsuite>
