<?xml version="1.0" encoding="UTF-8"?>
<testsuite name="commands.SumCommandTest" tests="1" skipped="0" failures="0" errors="0" timestamp="2023-03-14T09:54:08" hostname="eren" time="0.007">
  <properties/>
  <testcase name="doo()" classname="commands.SumCommandTest" time="0.007"/>
  <system-out><![CDATA[?[msum of annual turnover: 13062.0?[0m
]]></system-out>
  <system-err><![CDATA[]]></system-err>
</testsuite>
