<?xml version="1.0" encoding="UTF-8"?>
<testsuite name="сlasses.OrganizationTypeTest" tests="3" skipped="0" failures="0" errors="0" timestamp="2023-03-14T09:54:08" hostname="eren" time="0.005">
  <properties/>
  <testcase name="getId()" classname="сlasses.OrganizationTypeTest" time="0.0"/>
  <testcase name="getTypeById()" classname="сlasses.OrganizationTypeTest" time="0.001"/>
  <testcase name="getTypeByName()" classname="сlasses.OrganizationTypeTest" time="0.001"/>
  <system-out><![CDATA[]]></system-out>
  <system-err><![CDATA[]]></system-err>
</testsuite>
