<?xml version="1.0" encoding="UTF-8"?>
<testsuite name="сlasses.CoordinatesTest" tests="1" skipped="0" failures="0" errors="0" timestamp="2023-03-14T09:54:08" hostname="eren" time="0.012">
  <properties/>
  <testcase name="testToString()" classname="сlasses.CoordinatesTest" time="0.012"/>
  <system-out><![CDATA[]]></system-out>
  <system-err><![CDATA[]]></system-err>
</testsuite>
