<?xml version="1.0" encoding="UTF-8"?>
<testsuite name="commands.GetSizeOfCollectionTest" tests="1" skipped="0" failures="0" errors="0" timestamp="2023-03-01T09:57:55" hostname="eren" time="0.041">
  <properties/>
  <testcase name="getSizeofSet()" classname="commands.GetSizeOfCollectionTest" time="0.041"/>
  <system-out><![CDATA[]]></system-out>
  <system-err><![CDATA[]]></system-err>
</testsuite>
