<?xml version="1.0" encoding="UTF-8"?>
<testsuite name="commands.SumCommandTest" tests="2" skipped="0" failures="0" errors="0" timestamp="2023-03-01T09:57:55" hostname="eren" time="0.007">
  <properties/>
  <testcase name="average_of_annual_turnover()" classname="commands.SumCommandTest" time="0.002"/>
  <testcase name="sum_of_annual_turnover()" classname="commands.SumCommandTest" time="0.003"/>
  <system-out><![CDATA[]]></system-out>
  <system-err><![CDATA[]]></system-err>
</testsuite>
